service/easy-setup/sampleapp/mediator/android/EasySetup/app/build/outputs/logs/manifest-merger-debug-report.txt
-- Merging decision tree log ---
manifest
ADDED from src/main/AndroidManifest.xml:2:1-41:12
	xmlns:android
		ADDED from src/main/AndroidManifest.xml:2:11-69
	package
		ADDED from src/main/AndroidManifest.xml:3:5-45
		INJECTED from src/main/AndroidManifest.xml
		INJECTED from src/main/AndroidManifest.xml
	android:versionName
		ADDED from src/main/AndroidManifest.xml:5:5-30
		INJECTED from src/main/AndroidManifest.xml
		INJECTED from src/main/AndroidManifest.xml
	android:versionCode
		ADDED from src/main/AndroidManifest.xml:4:5-28
		INJECTED from src/main/AndroidManifest.xml
		INJECTED from src/main/AndroidManifest.xml
uses-permission#android.permission.INTERNET
ADDED from src/main/AndroidManifest.xml:7:5-67
MERGED from [EasySetup:iotivity-base-armeabi-v7a-debug:unspecified] AndroidManifest.xml:34:5-67
	android:name
		ADDED from src/main/AndroidManifest.xml:7:22-64
uses-permission#android.permission.CHANGE_WIFI_STATE
ADDED from src/main/AndroidManifest.xml:8:5-76
MERGED from [EasySetup:iotivity-base-armeabi-v7a-debug:unspecified] AndroidManifest.xml:39:5-76
	android:name
		ADDED from src/main/AndroidManifest.xml:8:22-73
uses-permission#android.permission.ACCESS_WIFI_STATE
ADDED from src/main/AndroidManifest.xml:9:5-76
MERGED from [EasySetup:iotivity-base-armeabi-v7a-debug:unspecified] AndroidManifest.xml:35:5-76
	android:name
		ADDED from src/main/AndroidManifest.xml:9:22-73
uses-permission#android.permission.CHANGE_NETWORK_STATE
ADDED from src/main/AndroidManifest.xml:10:5-79
MERGED from [EasySetup:iotivity-base-armeabi-v7a-debug:unspecified] AndroidManifest.xml:37:5-79
	android:name
		ADDED from src/main/AndroidManifest.xml:10:22-76
uses-feature#android.hardware.camera
ADDED from src/main/AndroidManifest.xml:12:5-14:35
	android:required
		ADDED from src/main/AndroidManifest.xml:14:9-32
	android:name
		ADDED from src/main/AndroidManifest.xml:13:9-47
uses-feature#android.hardware.camera.autofocus
ADDED from src/main/AndroidManifest.xml:15:5-17:36
	android:required
		ADDED from src/main/AndroidManifest.xml:17:9-33
	android:name
		ADDED from src/main/AndroidManifest.xml:16:9-57
uses-feature#android.hardware.touchscreen
ADDED from src/main/AndroidManifest.xml:18:5-20:36
	android:required
		ADDED from src/main/AndroidManifest.xml:20:9-33
	android:name
		ADDED from src/main/AndroidManifest.xml:19:9-52
uses-permission#android.permission.CAMERA
ADDED from src/main/AndroidManifest.xml:22:5-65
	android:name
		ADDED from src/main/AndroidManifest.xml:22:22-62
application
ADDED from src/main/AndroidManifest.xml:24:5-39:19
MERGED from [EasySetup:EasySetupCore-debug:unspecified] AndroidManifest.xml:11:5-16:19
	android:label
		ADDED from src/main/AndroidManifest.xml:27:9-41
	android:allowBackup
		ADDED from src/main/AndroidManifest.xml:25:9-35
	android:icon
		ADDED from src/main/AndroidManifest.xml:26:9-45
	android:theme
		ADDED from src/main/AndroidManifest.xml:28:9-40
activity#org.iotivity.service.easysetup.MainActivity
ADDED from src/main/AndroidManifest.xml:29:9-38:20
	android:label
		ADDED from src/main/AndroidManifest.xml:31:13-45
	android:name
		ADDED from src/main/AndroidManifest.xml:30:13-41
intent-filter#android.intent.action.MAIN+android.intent.category.LAUNCHER
ADDED from src/main/AndroidManifest.xml:33:13-37:29
action#android.intent.action.MAIN
ADDED from src/main/AndroidManifest.xml:34:17-69
	android:name
		ADDED from src/main/AndroidManifest.xml:34:25-66
category#android.intent.category.LAUNCHER
ADDED from src/main/AndroidManifest.xml:36:17-77
	android:name
		ADDED from src/main/AndroidManifest.xml:36:27-74
uses-sdk
INJECTED from src/main/AndroidManifest.xml reason: use-sdk injection requested
MERGED from [EasySetup:EasySetupCore-debug:unspecified] AndroidManifest.xml:7:5-9:41
MERGED from [EasySetup:iotivity-base-armeabi-v7a-debug:unspecified] AndroidManifest.xml:28:5-30:41
	android:targetSdkVersion
		INJECTED from src/main/AndroidManifest.xml
		INJECTED from src/main/AndroidManifest.xml
	android:minSdkVersion
		INJECTED from src/main/AndroidManifest.xml
		INJECTED from src/main/AndroidManifest.xml
uses-permission#android.permission.BLUETOOTH
ADDED from [EasySetup:iotivity-base-armeabi-v7a-debug:unspecified] AndroidManifest.xml:32:5-68
	android:name
		ADDED from [EasySetup:iotivity-base-armeabi-v7a-debug:unspecified] AndroidManifest.xml:32:22-65
uses-permission#android.permission.BLUETOOTH_ADMIN
ADDED from [EasySetup:iotivity-base-armeabi-v7a-debug:unspecified] AndroidManifest.xml:33:5-74
	android:name
		ADDED from [EasySetup:iotivity-base-armeabi-v7a-debug:unspecified] AndroidManifest.xml:33:22-71
uses-permission#android.permission.CHANGE_WIFI_MULTICAST_STATE
ADDED from [EasySetup:iotivity-base-armeabi-v7a-debug:unspecified] AndroidManifest.xml:36:5-86
	android:name
		ADDED from [EasySetup:iotivity-base-armeabi-v7a-debug:unspecified] AndroidManifest.xml:36:22-83
uses-permission#android.permission.ACCESS_NETWORK_STATE
ADDED from [EasySetup:iotivity-base-armeabi-v7a-debug:unspecified] AndroidManifest.xml:38:5-79
	android:name
		ADDED from [EasySetup:iotivity-base-armeabi-v7a-debug:unspecified] AndroidManifest.xml:38:22-76